2026-05-18 08:45:08,170 [INFO] core.paper_trading_guard: ====================================================
2026-05-18 08:45:08,171 [INFO] core.paper_trading_guard: [PAPER GUARD] PAPER TRADE MODE ACTIVE
2026-05-18 08:45:08,171 [INFO] core.paper_trading_guard: [PAPER GUARD] Validation phase ends : 2026-05-31
2026-05-18 08:45:08,171 [INFO] core.paper_trading_guard: [PAPER GUARD] Daily session ID      : PAPER_20260518
2026-05-18 08:45:08,171 [INFO] core.paper_trading_guard: [PAPER GUARD] Real order placement  : BLOCKED
2026-05-18 08:45:08,171 [INFO] core.paper_trading_guard: [PAPER GUARD] DRY_RUN               : FORCED TRUE
2026-05-18 08:45:08,172 [INFO] core.paper_trading_guard: ====================================================
2026-05-18 08:45:08,172 [INFO] __main__: [RUNTIME] [PAPER][PAPER_20260518] Paper mode confirmed.
2026-05-18 08:45:08,172 [INFO] __main__: [RUNTIME] Launching TradingView Chrome...
2026-05-18 08:45:08,173 [INFO] runtime.browser_launcher: [BROWSER] Launching TradingView Chrome profile...
2026-05-18 08:45:08,204 [INFO] runtime.browser_launcher: [BROWSER] Launched TradingView Chrome — PID 11736, port 9222
2026-05-18 08:45:08,204 [INFO] __main__: [RUNTIME] Launching Groww Chrome...
2026-05-18 08:45:08,205 [INFO] runtime.browser_launcher: [BROWSER] Launching Groww Chrome profile...
2026-05-18 08:45:08,223 [ERROR] runtime.browser_launcher: [BROWSER] Groww Chrome profile NOT FOUND: C:\Users\siddh\AppData\Local\Google\Chrome\User Data\Profile 8
  Fix: Open Chrome manually, sign in, close it — then set the correct path in .env as GROWW_PROFILE_DIR or TRADINGVIEW_PROFILE_DIR.
2026-05-18 08:45:08,224 [WARNING] __main__: [RUNTIME] Groww browser launch failed — continuing without Groww.
2026-05-18 08:45:08,224 [INFO] __main__: [RUNTIME] Waiting for TradingView CDP on port 9222...
2026-05-18 08:45:10,984 [INFO] runtime.browser_launcher: [BROWSER] CDP port 9222 ready — 2 tab(s) detected (attempt 1)
2026-05-18 08:45:11,193 [INFO] __main__: [RUNTIME] TradingView browser ready.
2026-05-18 08:45:14,199 [INFO] __main__: [RUNTIME] Starting module: core.ai_trading_assistant
2026-05-18 08:45:14,231 [INFO] __main__: [RUNTIME] Module ai_trading_assistant started — PID 23628
2026-05-18 08:45:19,264 [INFO] __main__: [RUNTIME] Starting module: core.live_trade_tracker
2026-05-18 08:45:19,277 [INFO] __main__: [RUNTIME] Module live_trade_tracker started — PID 18384
2026-05-18 08:45:24,316 [INFO] __main__: [WATCHDOG] Loop started.
2026-05-18 08:45:24,316 [INFO] __main__: [RUNTIME] Watchdog thread started.
2026-05-18 08:45:37,196 [INFO] __main__: [RUNTIME] Startup complete. All modules running.
2026-05-18 08:45:37,196 [INFO] __main__: [RUNTIME] System running. Press Ctrl+C to stop.
2026-05-18 08:50:42,532 [INFO] __main__: [RUNTIME] Status — alive: ['ai_trading_assistant', 'live_trade_tracker'] | dead: [] | TV CDP: UP | Groww CDP: DOWN
2026-05-18 08:55:45,250 [INFO] __main__: [RUNTIME] Status — alive: ['ai_trading_assistant', 'live_trade_tracker'] | dead: [] | TV CDP: UP | Groww CDP: DOWN
2026-05-18 09:00:47,333 [INFO] __main__: [RUNTIME] Status — alive: ['ai_trading_assistant', 'live_trade_tracker'] | dead: [] | TV CDP: UP | Groww CDP: DOWN
2026-05-18 09:05:49,446 [INFO] __main__: [RUNTIME] Status — alive: ['ai_trading_assistant', 'live_trade_tracker'] | dead: [] | TV CDP: UP | Groww CDP: DOWN
2026-05-18 09:10:51,577 [INFO] __main__: [RUNTIME] Status — alive: ['ai_trading_assistant', 'live_trade_tracker'] | dead: [] | TV CDP: UP | Groww CDP: DOWN
2026-05-18 09:15:53,711 [INFO] __main__: [RUNTIME] Status — alive: ['ai_trading_assistant', 'live_trade_tracker'] | dead: [] | TV CDP: UP | Groww CDP: DOWN
2026-05-18 09:19:21,531 [WARNING] __main__: [WATCHDOG] TradingView browser unresponsive — relaunching.
2026-05-18 09:19:27,207 [INFO] runtime.browser_launcher: [BROWSER] Launching TradingView Chrome profile...
2026-05-18 09:19:27,476 [INFO] runtime.browser_launcher: [BROWSER] Launched TradingView Chrome — PID 22432, port 9222
2026-05-18 09:19:31,916 [INFO] runtime.browser_launcher: [BROWSER] CDP port 9222 ready — 1 tab(s) detected (attempt 2)
2026-05-18 09:19:31,934 [INFO] runtime.browser_launcher: [BROWSER] TradingView browser reconnected successfully.
2026-05-18 09:19:48,795 [ERROR] __main__: [WATCHDOG] Module ai_trading_assistant is DEAD (exit code: 1)
2026-05-18 09:19:48,797 [WARNING] __main__: [RUNTIME] Module ai_trading_assistant crashed (restart #1) — waiting 30s before restart.
2026-05-18 09:20:19,536 [INFO] __main__: [RUNTIME] Starting module: core.ai_trading_assistant
2026-05-18 09:20:19,550 [INFO] __main__: [RUNTIME] Module ai_trading_assistant started — PID 8784
2026-05-18 09:20:20,203 [INFO] __main__: [RUNTIME] Module ai_trading_assistant restarted — PID 8784
2026-05-18 09:20:55,850 [INFO] __main__: [RUNTIME] Status — alive: ['ai_trading_assistant', 'live_trade_tracker'] | dead: [] | TV CDP: UP | Groww CDP: DOWN
2026-05-18 09:23:56,700 [WARNING] __main__: [WATCHDOG] TradingView browser unresponsive — relaunching.
2026-05-18 09:23:57,553 [INFO] runtime.browser_launcher: [BROWSER] Launching TradingView Chrome profile...
2026-05-18 09:23:57,598 [INFO] runtime.browser_launcher: [BROWSER] Launched TradingView Chrome — PID 14612, port 9222
2026-05-18 09:23:58,640 [INFO] runtime.browser_launcher: [BROWSER] CDP port 9222 ready — 1 tab(s) detected (attempt 1)
2026-05-18 09:23:58,651 [INFO] runtime.browser_launcher: [BROWSER] TradingView browser reconnected successfully.
2026-05-18 09:25:58,081 [INFO] __main__: [RUNTIME] Status — alive: ['ai_trading_assistant', 'live_trade_tracker'] | dead: [] | TV CDP: UP | Groww CDP: DOWN
2026-05-18 09:26:06,859 [ERROR] __main__: [WATCHDOG] Module ai_trading_assistant is DEAD (exit code: 1)
2026-05-18 09:26:06,861 [WARNING] __main__: [RUNTIME] Module ai_trading_assistant crashed (restart #2) — waiting 60s before restart.
2026-05-18 09:27:07,797 [INFO] __main__: [RUNTIME] Starting module: core.ai_trading_assistant
2026-05-18 09:27:07,950 [INFO] __main__: [RUNTIME] Module ai_trading_assistant started — PID 13412
2026-05-18 09:27:10,337 [INFO] __main__: [RUNTIME] Module ai_trading_assistant restarted — PID 13412
2026-05-18 09:29:32,955 [INFO] core.paper_trading_guard: ====================================================
2026-05-18 09:29:32,956 [INFO] core.paper_trading_guard: [PAPER GUARD] PAPER TRADE MODE ACTIVE
2026-05-18 09:29:32,956 [INFO] core.paper_trading_guard: [PAPER GUARD] Validation phase ends : 2026-05-31
2026-05-18 09:29:32,956 [INFO] core.paper_trading_guard: [PAPER GUARD] Daily session ID      : PAPER_20260518
2026-05-18 09:29:32,956 [INFO] core.paper_trading_guard: [PAPER GUARD] Real order placement  : BLOCKED
2026-05-18 09:29:32,956 [INFO] core.paper_trading_guard: [PAPER GUARD] DRY_RUN               : FORCED TRUE
2026-05-18 09:29:32,956 [INFO] core.paper_trading_guard: ====================================================
2026-05-18 09:29:32,956 [INFO] __main__: [RUNTIME] [PAPER][PAPER_20260518] Paper mode confirmed.
2026-05-18 09:29:32,956 [INFO] __main__: [RUNTIME] Launching TradingView Chrome...
2026-05-18 09:29:32,956 [INFO] runtime.browser_launcher: [BROWSER] Launching TradingView Chrome profile...
2026-05-18 09:29:32,978 [INFO] runtime.browser_launcher: [BROWSER] Launched TradingView Chrome — PID 3000, port 9222
2026-05-18 09:29:32,979 [INFO] __main__: [RUNTIME] Launching Groww Chrome...
2026-05-18 09:29:32,979 [INFO] runtime.browser_launcher: [BROWSER] Launching Groww Chrome profile...
2026-05-18 09:29:32,998 [ERROR] runtime.browser_launcher: [BROWSER] Groww Chrome profile NOT FOUND: C:\Users\siddh\AppData\Local\Google\Chrome\User Data\Profile 8
  Fix: Open Chrome manually, sign in, close it — then set the correct path in .env as GROWW_PROFILE_DIR or TRADINGVIEW_PROFILE_DIR.
2026-05-18 09:29:32,998 [WARNING] __main__: [RUNTIME] Groww browser launch failed — continuing without Groww.
2026-05-18 09:29:32,998 [INFO] __main__: [RUNTIME] Waiting for TradingView CDP on port 9222...
2026-05-18 09:29:33,529 [INFO] runtime.browser_launcher: [BROWSER] CDP port 9222 ready — 1 tab(s) detected (attempt 1)
2026-05-18 09:29:33,578 [INFO] __main__: [RUNTIME] TradingView browser ready.
2026-05-18 09:29:36,624 [INFO] __main__: [RUNTIME] Starting module: core.ai_trading_assistant
2026-05-18 09:29:36,643 [INFO] __main__: [RUNTIME] Module ai_trading_assistant started — PID 15352
2026-05-18 09:29:41,654 [INFO] __main__: [RUNTIME] Starting module: core.live_trade_tracker
2026-05-18 09:29:41,661 [INFO] __main__: [RUNTIME] Module live_trade_tracker started — PID 13976
2026-05-18 09:29:46,685 [INFO] __main__: [WATCHDOG] Loop started.
2026-05-18 09:29:46,685 [INFO] __main__: [RUNTIME] Watchdog thread started.
2026-05-18 09:29:49,349 [INFO] __main__: [RUNTIME] Startup complete. All modules running.
2026-05-18 09:29:49,350 [INFO] __main__: [RUNTIME] System running. Press Ctrl+C to stop.
2026-05-18 09:30:01,702 [ERROR] __main__: [WATCHDOG] Module ai_trading_assistant is DEAD (exit code: 1)
2026-05-18 09:30:01,703 [WARNING] __main__: [RUNTIME] Module ai_trading_assistant crashed (restart #1) — waiting 30s before restart.
2026-05-18 09:32:10,617 [INFO] core.paper_trading_guard: ====================================================
2026-05-18 09:32:10,618 [INFO] core.paper_trading_guard: [PAPER GUARD] PAPER TRADE MODE ACTIVE
2026-05-18 09:32:10,618 [INFO] core.paper_trading_guard: [PAPER GUARD] Validation phase ends : 2026-05-31
2026-05-18 09:32:10,618 [INFO] core.paper_trading_guard: [PAPER GUARD] Daily session ID      : PAPER_20260518
2026-05-18 09:32:10,618 [INFO] core.paper_trading_guard: [PAPER GUARD] Real order placement  : BLOCKED
2026-05-18 09:32:10,618 [INFO] core.paper_trading_guard: [PAPER GUARD] DRY_RUN               : FORCED TRUE
2026-05-18 09:32:10,618 [INFO] core.paper_trading_guard: ====================================================
2026-05-18 09:32:10,618 [INFO] __main__: [RUNTIME] [PAPER][PAPER_20260518] Paper mode confirmed.
2026-05-18 09:32:10,618 [INFO] __main__: [RUNTIME] Launching TradingView Chrome...
2026-05-18 09:32:10,618 [INFO] runtime.browser_launcher: [BROWSER] Launching TradingView Chrome profile...
2026-05-18 09:32:10,641 [INFO] runtime.browser_launcher: [BROWSER] Launched TradingView Chrome — PID 5540, port 9222
2026-05-18 09:32:10,641 [INFO] __main__: [RUNTIME] Launching Groww Chrome...
2026-05-18 09:32:10,641 [INFO] runtime.browser_launcher: [BROWSER] Launching Groww Chrome profile...
2026-05-18 09:32:10,659 [ERROR] runtime.browser_launcher: [BROWSER] Groww Chrome profile NOT FOUND: C:\Users\siddh\AppData\Local\Google\Chrome\User Data\Profile 8
  Fix: Open Chrome manually, sign in, close it — then set the correct path in .env as GROWW_PROFILE_DIR or TRADINGVIEW_PROFILE_DIR.
2026-05-18 09:32:10,660 [WARNING] __main__: [RUNTIME] Groww browser launch failed — continuing without Groww.
2026-05-18 09:32:10,660 [INFO] __main__: [RUNTIME] Waiting for TradingView CDP on port 9222...
2026-05-18 09:32:11,409 [INFO] runtime.browser_launcher: [BROWSER] CDP port 9222 ready — 4 tab(s) detected (attempt 1)
2026-05-18 09:32:11,641 [INFO] __main__: [RUNTIME] TradingView browser ready.
2026-05-18 09:32:14,740 [INFO] __main__: [RUNTIME] Starting module: core.ai_trading_assistant
2026-05-18 09:32:14,768 [INFO] __main__: [RUNTIME] Module ai_trading_assistant started — PID 5072
2026-05-18 09:32:19,772 [INFO] __main__: [RUNTIME] Starting module: core.live_trade_tracker
2026-05-18 09:32:19,784 [INFO] __main__: [RUNTIME] Module live_trade_tracker started — PID 14536
2026-05-18 09:32:24,796 [INFO] __main__: [WATCHDOG] Loop started.
2026-05-18 09:32:24,797 [INFO] __main__: [RUNTIME] Watchdog thread started.
2026-05-18 09:32:27,786 [INFO] __main__: [RUNTIME] Startup complete. All modules running.
2026-05-18 09:32:27,786 [INFO] __main__: [RUNTIME] System running. Press Ctrl+C to stop.
2026-05-18 09:37:29,877 [INFO] __main__: [RUNTIME] Status — alive: ['ai_trading_assistant', 'live_trade_tracker'] | dead: [] | TV CDP: UP | Groww CDP: DOWN
2026-05-18 09:42:31,945 [INFO] __main__: [RUNTIME] Status — alive: ['ai_trading_assistant', 'live_trade_tracker'] | dead: [] | TV CDP: UP | Groww CDP: DOWN
2026-05-18 09:47:34,021 [INFO] __main__: [RUNTIME] Status — alive: ['ai_trading_assistant', 'live_trade_tracker'] | dead: [] | TV CDP: UP | Groww CDP: DOWN
2026-05-18 09:48:01,970 [INFO] core.paper_trading_guard: ====================================================
2026-05-18 09:48:01,970 [INFO] core.paper_trading_guard: [PAPER GUARD] PAPER TRADE MODE ACTIVE
2026-05-18 09:48:01,970 [INFO] core.paper_trading_guard: [PAPER GUARD] Validation phase ends : 2026-05-31
2026-05-18 09:48:01,970 [INFO] core.paper_trading_guard: [PAPER GUARD] Daily session ID      : PAPER_20260518
2026-05-18 09:48:01,970 [INFO] core.paper_trading_guard: [PAPER GUARD] Real order placement  : BLOCKED
2026-05-18 09:48:01,971 [INFO] core.paper_trading_guard: [PAPER GUARD] DRY_RUN               : FORCED TRUE
2026-05-18 09:48:01,971 [INFO] core.paper_trading_guard: ====================================================
2026-05-18 09:48:01,971 [INFO] __main__: [RUNTIME] [PAPER][PAPER_20260518] Paper mode confirmed.
2026-05-18 09:48:01,971 [INFO] __main__: [RUNTIME] Launching TradingView Chrome...
2026-05-18 09:48:01,971 [INFO] runtime.browser_launcher: [BROWSER] Launching TradingView Chrome profile...
2026-05-18 09:48:01,994 [INFO] runtime.browser_launcher: [BROWSER] Launched TradingView Chrome — PID 13388, port 9222
2026-05-18 09:48:01,995 [INFO] __main__: [RUNTIME] Launching Groww Chrome...
2026-05-18 09:48:01,995 [INFO] runtime.browser_launcher: [BROWSER] Launching Groww Chrome profile...
2026-05-18 09:48:02,012 [ERROR] runtime.browser_launcher: [BROWSER] Groww Chrome profile NOT FOUND: C:\Users\siddh\AppData\Local\Google\Chrome\User Data\Profile 8
  Fix: Open Chrome manually, sign in, close it — then set the correct path in .env as GROWW_PROFILE_DIR or TRADINGVIEW_PROFILE_DIR.
2026-05-18 09:48:02,013 [WARNING] __main__: [RUNTIME] Groww browser launch failed — continuing without Groww.
2026-05-18 09:48:02,013 [INFO] __main__: [RUNTIME] Waiting for TradingView CDP on port 9222...
2026-05-18 09:48:02,645 [INFO] runtime.browser_launcher: [BROWSER] CDP port 9222 ready — 4 tab(s) detected (attempt 1)
2026-05-18 09:48:02,897 [INFO] __main__: [RUNTIME] TradingView browser ready.
2026-05-18 09:48:05,964 [INFO] __main__: [RUNTIME] Starting module: core.ai_trading_assistant
2026-05-18 09:48:06,130 [INFO] __main__: [RUNTIME] Module ai_trading_assistant started — PID 5016
2026-05-18 09:48:11,144 [INFO] __main__: [RUNTIME] Starting module: core.live_trade_tracker
2026-05-18 09:48:11,153 [INFO] __main__: [RUNTIME] Module live_trade_tracker started — PID 9664
2026-05-18 09:48:16,169 [INFO] __main__: [WATCHDOG] Loop started.
2026-05-18 09:48:16,171 [INFO] __main__: [RUNTIME] Watchdog thread started.
2026-05-18 09:48:19,116 [INFO] __main__: [RUNTIME] Startup complete. All modules running.
2026-05-18 09:48:19,116 [INFO] __main__: [RUNTIME] System running. Press Ctrl+C to stop.
2026-05-18 09:48:31,182 [ERROR] __main__: [WATCHDOG] Module ai_trading_assistant is DEAD (exit code: 1)
2026-05-18 09:48:31,183 [WARNING] __main__: [RUNTIME] Module ai_trading_assistant crashed (restart #1) — waiting 30s before restart.
2026-05-18 09:49:02,033 [INFO] __main__: [RUNTIME] Starting module: core.ai_trading_assistant
2026-05-18 09:49:02,043 [INFO] __main__: [RUNTIME] Module ai_trading_assistant started — PID 23156
2026-05-18 09:49:02,671 [INFO] __main__: [RUNTIME] Module ai_trading_assistant restarted — PID 23156
2026-05-18 09:53:21,205 [INFO] __main__: [RUNTIME] Status — alive: ['ai_trading_assistant', 'live_trade_tracker'] | dead: [] | TV CDP: UP | Groww CDP: DOWN
2026-05-18 09:58:23,269 [INFO] __main__: [RUNTIME] Status — alive: ['ai_trading_assistant', 'live_trade_tracker'] | dead: [] | TV CDP: UP | Groww CDP: DOWN
2026-05-18 10:15:13,622 [INFO] core.paper_trading_guard: ====================================================
2026-05-18 10:15:13,624 [INFO] core.paper_trading_guard: [PAPER GUARD] PAPER TRADE MODE ACTIVE
2026-05-18 10:15:13,624 [INFO] core.paper_trading_guard: [PAPER GUARD] Validation phase ends : 2026-05-31
2026-05-18 10:15:13,624 [INFO] core.paper_trading_guard: [PAPER GUARD] Daily session ID      : PAPER_20260518
2026-05-18 10:15:13,624 [INFO] core.paper_trading_guard: [PAPER GUARD] Real order placement  : BLOCKED
2026-05-18 10:15:13,624 [INFO] core.paper_trading_guard: [PAPER GUARD] DRY_RUN               : FORCED TRUE
2026-05-18 10:15:13,624 [INFO] core.paper_trading_guard: ====================================================
2026-05-18 10:15:13,624 [INFO] __main__: [RUNTIME] [PAPER][PAPER_20260518] Paper mode confirmed.
2026-05-18 10:15:13,624 [INFO] __main__: [RUNTIME] Launching TradingView Chrome...
2026-05-18 10:15:13,624 [INFO] runtime.browser_launcher: [BROWSER] Launching TradingView Chrome profile...
2026-05-18 10:15:13,650 [INFO] runtime.browser_launcher: [BROWSER] Launched TradingView Chrome — PID 10992, port 9222
2026-05-18 10:15:13,651 [INFO] __main__: [RUNTIME] Launching Groww Chrome...
2026-05-18 10:15:13,651 [INFO] runtime.browser_launcher: [BROWSER] Launching Groww Chrome profile...
2026-05-18 10:15:13,674 [ERROR] runtime.browser_launcher: [BROWSER] Groww Chrome profile NOT FOUND: C:\Users\siddh\AppData\Local\Google\Chrome\User Data\Profile 8
  Fix: Open Chrome manually, sign in, close it — then set the correct path in .env as GROWW_PROFILE_DIR or TRADINGVIEW_PROFILE_DIR.
2026-05-18 10:15:13,674 [WARNING] __main__: [RUNTIME] Groww browser launch failed — continuing without Groww.
2026-05-18 10:15:13,674 [INFO] __main__: [RUNTIME] Waiting for TradingView CDP on port 9222...
2026-05-18 10:15:14,493 [INFO] runtime.browser_launcher: [BROWSER] CDP port 9222 ready — 4 tab(s) detected (attempt 1)
2026-05-18 10:15:14,726 [INFO] __main__: [RUNTIME] TradingView browser ready.
2026-05-18 10:15:17,751 [INFO] __main__: [RUNTIME] Starting module: core.ai_trading_assistant
2026-05-18 10:15:17,817 [INFO] __main__: [RUNTIME] Module ai_trading_assistant started — PID 24932
2026-05-18 10:15:22,829 [INFO] __main__: [RUNTIME] Starting module: core.live_trade_tracker
2026-05-18 10:15:22,839 [INFO] __main__: [RUNTIME] Module live_trade_tracker started — PID 9032
2026-05-18 10:15:27,844 [INFO] __main__: [WATCHDOG] Loop started.
2026-05-18 10:15:27,844 [INFO] __main__: [RUNTIME] Watchdog thread started.
2026-05-18 10:15:40,743 [INFO] __main__: [RUNTIME] Startup complete. All modules running.
2026-05-18 10:15:40,744 [INFO] __main__: [RUNTIME] System running. Press Ctrl+C to stop.
2026-05-18 10:20:42,812 [INFO] __main__: [RUNTIME] Status — alive: ['ai_trading_assistant', 'live_trade_tracker'] | dead: [] | TV CDP: UP | Groww CDP: DOWN
2026-05-18 10:20:59,038 [ERROR] __main__: [WATCHDOG] Module ai_trading_assistant is DEAD (exit code: 1)
2026-05-18 10:20:59,042 [WARNING] __main__: [RUNTIME] Module ai_trading_assistant crashed (restart #1) — waiting 30s before restart.
2026-05-18 10:21:39,964 [INFO] __main__: [RUNTIME] Starting module: core.ai_trading_assistant
2026-05-18 10:21:39,985 [INFO] __main__: [RUNTIME] Module ai_trading_assistant started — PID 18220
2026-05-18 10:21:50,708 [INFO] __main__: [RUNTIME] Module ai_trading_assistant restarted — PID 18220
2026-05-18 10:23:31,171 [INFO] core.paper_trading_guard: ====================================================
2026-05-18 10:23:31,171 [INFO] core.paper_trading_guard: [PAPER GUARD] PAPER TRADE MODE ACTIVE
2026-05-18 10:23:31,173 [INFO] core.paper_trading_guard: [PAPER GUARD] Validation phase ends : 2026-05-31
2026-05-18 10:23:31,173 [INFO] core.paper_trading_guard: [PAPER GUARD] Daily session ID      : PAPER_20260518
2026-05-18 10:23:31,173 [INFO] core.paper_trading_guard: [PAPER GUARD] Real order placement  : BLOCKED
2026-05-18 10:23:31,173 [INFO] core.paper_trading_guard: [PAPER GUARD] DRY_RUN               : FORCED TRUE
2026-05-18 10:23:31,173 [INFO] core.paper_trading_guard: ====================================================
2026-05-18 10:23:31,173 [INFO] __main__: [RUNTIME] [PAPER][PAPER_20260518] Paper mode confirmed.
2026-05-18 10:23:31,173 [INFO] __main__: [RUNTIME] Launching TradingView Chrome...
2026-05-18 10:23:31,175 [INFO] runtime.browser_launcher: [BROWSER] Launching TradingView Chrome profile...
2026-05-18 10:23:31,205 [INFO] runtime.browser_launcher: [BROWSER] Launched TradingView Chrome — PID 15704, port 9222
2026-05-18 10:23:31,205 [INFO] __main__: [RUNTIME] Launching Groww Chrome...
2026-05-18 10:23:31,206 [INFO] runtime.browser_launcher: [BROWSER] Launching Groww Chrome profile...
2026-05-18 10:23:31,239 [ERROR] runtime.browser_launcher: [BROWSER] Groww Chrome profile NOT FOUND: C:\Users\siddh\AppData\Local\Google\Chrome\User Data\Profile 8
  Fix: Open Chrome manually, sign in, close it — then set the correct path in .env as GROWW_PROFILE_DIR or TRADINGVIEW_PROFILE_DIR.
2026-05-18 10:23:31,239 [WARNING] __main__: [RUNTIME] Groww browser launch failed — continuing without Groww.
2026-05-18 10:23:31,239 [INFO] __main__: [RUNTIME] Waiting for TradingView CDP on port 9222...
2026-05-18 10:23:32,512 [INFO] runtime.browser_launcher: [BROWSER] CDP port 9222 ready — 4 tab(s) detected (attempt 1)
2026-05-18 10:23:32,558 [INFO] __main__: [RUNTIME] TradingView browser ready.
2026-05-18 10:23:35,610 [INFO] __main__: [RUNTIME] Starting module: core.ai_trading_assistant
2026-05-18 10:23:35,678 [INFO] __main__: [RUNTIME] Module ai_trading_assistant started — PID 7880
2026-05-18 10:23:40,698 [INFO] __main__: [RUNTIME] Starting module: core.live_trade_tracker
2026-05-18 10:23:40,710 [INFO] __main__: [RUNTIME] Module live_trade_tracker started — PID 20508
2026-05-18 10:23:45,726 [INFO] __main__: [WATCHDOG] Loop started.
2026-05-18 10:23:45,726 [INFO] __main__: [RUNTIME] Watchdog thread started.
2026-05-18 10:23:48,572 [INFO] __main__: [RUNTIME] Startup complete. All modules running.
2026-05-18 10:23:48,573 [INFO] __main__: [RUNTIME] System running. Press Ctrl+C to stop.
2026-05-18 10:28:50,644 [INFO] __main__: [RUNTIME] Status — alive: ['ai_trading_assistant', 'live_trade_tracker'] | dead: [] | TV CDP: UP | Groww CDP: DOWN
2026-05-18 10:33:52,720 [INFO] __main__: [RUNTIME] Status — alive: ['ai_trading_assistant', 'live_trade_tracker'] | dead: [] | TV CDP: UP | Groww CDP: DOWN
2026-05-18 10:38:54,788 [INFO] __main__: [RUNTIME] Status — alive: ['ai_trading_assistant', 'live_trade_tracker'] | dead: [] | TV CDP: UP | Groww CDP: DOWN
2026-05-18 10:43:56,890 [INFO] __main__: [RUNTIME] Status — alive: ['ai_trading_assistant', 'live_trade_tracker'] | dead: [] | TV CDP: UP | Groww CDP: DOWN
2026-05-18 10:48:58,964 [INFO] __main__: [RUNTIME] Status — alive: ['ai_trading_assistant', 'live_trade_tracker'] | dead: [] | TV CDP: UP | Groww CDP: DOWN
2026-05-18 10:54:01,034 [INFO] __main__: [RUNTIME] Status — alive: ['ai_trading_assistant', 'live_trade_tracker'] | dead: [] | TV CDP: UP | Groww CDP: DOWN
2026-05-18 11:00:20,233 [INFO] __main__: [RUNTIME] Status — alive: ['ai_trading_assistant', 'live_trade_tracker'] | dead: [] | TV CDP: UP | Groww CDP: DOWN
2026-05-18 11:01:47,066 [ERROR] __main__: [WATCHDOG] Module ai_trading_assistant is DEAD (exit code: 1)
2026-05-18 11:01:47,066 [WARNING] __main__: [RUNTIME] Module ai_trading_assistant crashed (restart #1) — waiting 30s before restart.
2026-05-18 11:02:18,065 [INFO] __main__: [RUNTIME] Starting module: core.ai_trading_assistant
2026-05-18 11:02:18,089 [INFO] __main__: [RUNTIME] Module ai_trading_assistant started — PID 2740
2026-05-18 11:02:18,891 [INFO] __main__: [RUNTIME] Module ai_trading_assistant restarted — PID 2740
2026-05-18 11:05:22,360 [INFO] __main__: [RUNTIME] Status — alive: ['ai_trading_assistant', 'live_trade_tracker'] | dead: [] | TV CDP: UP | Groww CDP: DOWN
2026-05-18 11:10:24,411 [INFO] __main__: [RUNTIME] Status — alive: ['ai_trading_assistant', 'live_trade_tracker'] | dead: [] | TV CDP: UP | Groww CDP: DOWN
2026-05-18 11:15:26,473 [INFO] __main__: [RUNTIME] Status — alive: ['ai_trading_assistant', 'live_trade_tracker'] | dead: [] | TV CDP: UP | Groww CDP: DOWN
2026-05-18 11:20:28,523 [INFO] __main__: [RUNTIME] Status — alive: ['ai_trading_assistant', 'live_trade_tracker'] | dead: [] | TV CDP: UP | Groww CDP: DOWN
2026-05-18 11:25:30,583 [INFO] __main__: [RUNTIME] Status — alive: ['ai_trading_assistant', 'live_trade_tracker'] | dead: [] | TV CDP: UP | Groww CDP: DOWN
2026-05-18 11:30:32,643 [INFO] __main__: [RUNTIME] Status — alive: ['ai_trading_assistant', 'live_trade_tracker'] | dead: [] | TV CDP: UP | Groww CDP: DOWN
2026-05-18 11:35:34,735 [INFO] __main__: [RUNTIME] Status — alive: ['ai_trading_assistant', 'live_trade_tracker'] | dead: [] | TV CDP: UP | Groww CDP: DOWN
2026-05-18 11:40:36,820 [INFO] __main__: [RUNTIME] Status — alive: ['ai_trading_assistant', 'live_trade_tracker'] | dead: [] | TV CDP: UP | Groww CDP: DOWN
2026-05-18 11:45:38,902 [INFO] __main__: [RUNTIME] Status — alive: ['ai_trading_assistant', 'live_trade_tracker'] | dead: [] | TV CDP: UP | Groww CDP: DOWN
2026-05-18 11:50:41,180 [INFO] __main__: [RUNTIME] Status — alive: ['ai_trading_assistant', 'live_trade_tracker'] | dead: [] | TV CDP: UP | Groww CDP: DOWN
2026-05-18 11:55:43,424 [INFO] __main__: [RUNTIME] Status — alive: ['ai_trading_assistant', 'live_trade_tracker'] | dead: [] | TV CDP: UP | Groww CDP: DOWN
2026-05-18 12:00:45,531 [INFO] __main__: [RUNTIME] Status — alive: ['ai_trading_assistant', 'live_trade_tracker'] | dead: [] | TV CDP: UP | Groww CDP: DOWN
2026-05-18 12:05:47,617 [INFO] __main__: [RUNTIME] Status — alive: ['ai_trading_assistant', 'live_trade_tracker'] | dead: [] | TV CDP: UP | Groww CDP: DOWN
2026-05-18 12:10:49,704 [INFO] __main__: [RUNTIME] Status — alive: ['ai_trading_assistant', 'live_trade_tracker'] | dead: [] | TV CDP: UP | Groww CDP: DOWN
2026-05-18 12:15:51,807 [INFO] __main__: [RUNTIME] Status — alive: ['ai_trading_assistant', 'live_trade_tracker'] | dead: [] | TV CDP: UP | Groww CDP: DOWN
2026-05-18 12:20:53,906 [INFO] __main__: [RUNTIME] Status — alive: ['ai_trading_assistant', 'live_trade_tracker'] | dead: [] | TV CDP: UP | Groww CDP: DOWN
2026-05-18 12:25:56,008 [INFO] __main__: [RUNTIME] Status — alive: ['ai_trading_assistant', 'live_trade_tracker'] | dead: [] | TV CDP: UP | Groww CDP: DOWN
2026-05-18 12:30:58,141 [INFO] __main__: [RUNTIME] Status — alive: ['ai_trading_assistant', 'live_trade_tracker'] | dead: [] | TV CDP: UP | Groww CDP: DOWN
2026-05-18 12:36:00,212 [INFO] __main__: [RUNTIME] Status — alive: ['ai_trading_assistant', 'live_trade_tracker'] | dead: [] | TV CDP: UP | Groww CDP: DOWN
2026-05-18 12:41:02,289 [INFO] __main__: [RUNTIME] Status — alive: ['ai_trading_assistant', 'live_trade_tracker'] | dead: [] | TV CDP: UP | Groww CDP: DOWN
2026-05-18 12:46:04,350 [INFO] __main__: [RUNTIME] Status — alive: ['ai_trading_assistant', 'live_trade_tracker'] | dead: [] | TV CDP: UP | Groww CDP: DOWN
2026-05-18 12:51:06,402 [INFO] __main__: [RUNTIME] Status — alive: ['ai_trading_assistant', 'live_trade_tracker'] | dead: [] | TV CDP: UP | Groww CDP: DOWN
2026-05-18 12:56:08,491 [INFO] __main__: [RUNTIME] Status — alive: ['ai_trading_assistant', 'live_trade_tracker'] | dead: [] | TV CDP: UP | Groww CDP: DOWN
2026-05-18 13:01:10,558 [INFO] __main__: [RUNTIME] Status — alive: ['ai_trading_assistant', 'live_trade_tracker'] | dead: [] | TV CDP: UP | Groww CDP: DOWN
2026-05-18 13:06:12,668 [INFO] __main__: [RUNTIME] Status — alive: ['ai_trading_assistant', 'live_trade_tracker'] | dead: [] | TV CDP: UP | Groww CDP: DOWN
2026-05-18 13:11:14,795 [INFO] __main__: [RUNTIME] Status — alive: ['ai_trading_assistant', 'live_trade_tracker'] | dead: [] | TV CDP: UP | Groww CDP: DOWN
2026-05-18 13:16:16,879 [INFO] __main__: [RUNTIME] Status — alive: ['ai_trading_assistant', 'live_trade_tracker'] | dead: [] | TV CDP: UP | Groww CDP: DOWN
2026-05-18 13:21:18,960 [INFO] __main__: [RUNTIME] Status — alive: ['ai_trading_assistant', 'live_trade_tracker'] | dead: [] | TV CDP: UP | Groww CDP: DOWN
2026-05-18 13:26:21,034 [INFO] __main__: [RUNTIME] Status — alive: ['ai_trading_assistant', 'live_trade_tracker'] | dead: [] | TV CDP: UP | Groww CDP: DOWN
2026-05-18 13:31:23,138 [INFO] __main__: [RUNTIME] Status — alive: ['ai_trading_assistant', 'live_trade_tracker'] | dead: [] | TV CDP: UP | Groww CDP: DOWN
2026-05-18 13:36:25,191 [INFO] __main__: [RUNTIME] Status — alive: ['ai_trading_assistant', 'live_trade_tracker'] | dead: [] | TV CDP: UP | Groww CDP: DOWN
2026-05-18 13:41:27,235 [INFO] __main__: [RUNTIME] Status — alive: ['ai_trading_assistant', 'live_trade_tracker'] | dead: [] | TV CDP: UP | Groww CDP: DOWN
2026-05-18 13:46:29,314 [INFO] __main__: [RUNTIME] Status — alive: ['ai_trading_assistant', 'live_trade_tracker'] | dead: [] | TV CDP: UP | Groww CDP: DOWN
2026-05-18 13:51:31,388 [INFO] __main__: [RUNTIME] Status — alive: ['ai_trading_assistant', 'live_trade_tracker'] | dead: [] | TV CDP: UP | Groww CDP: DOWN
2026-05-18 13:56:33,468 [INFO] __main__: [RUNTIME] Status — alive: ['ai_trading_assistant', 'live_trade_tracker'] | dead: [] | TV CDP: UP | Groww CDP: DOWN
2026-05-18 14:01:35,559 [INFO] __main__: [RUNTIME] Status — alive: ['ai_trading_assistant', 'live_trade_tracker'] | dead: [] | TV CDP: UP | Groww CDP: DOWN
2026-05-18 14:06:37,686 [INFO] __main__: [RUNTIME] Status — alive: ['ai_trading_assistant', 'live_trade_tracker'] | dead: [] | TV CDP: UP | Groww CDP: DOWN
2026-05-19 09:08:51,717 [INFO] core.paper_trading_guard: ====================================================
2026-05-19 09:08:51,718 [INFO] core.paper_trading_guard: [PAPER GUARD] PAPER TRADE MODE ACTIVE
2026-05-19 09:08:51,718 [INFO] core.paper_trading_guard: [PAPER GUARD] Validation phase ends : 2026-05-31
2026-05-19 09:08:51,719 [INFO] core.paper_trading_guard: [PAPER GUARD] Daily session ID      : PAPER_20260519
2026-05-19 09:08:51,719 [INFO] core.paper_trading_guard: [PAPER GUARD] Real order placement  : BLOCKED
2026-05-19 09:08:51,719 [INFO] core.paper_trading_guard: [PAPER GUARD] DRY_RUN               : FORCED TRUE
2026-05-19 09:08:51,719 [INFO] core.paper_trading_guard: ====================================================
2026-05-19 09:08:51,719 [INFO] __main__: [RUNTIME] [PAPER][PAPER_20260519] Paper mode confirmed.
2026-05-19 09:08:51,720 [INFO] __main__: [RUNTIME] Launching TradingView Chrome...
2026-05-19 09:08:51,720 [INFO] runtime.browser_launcher: [BROWSER] Launching TradingView Chrome profile...
2026-05-19 09:08:51,756 [INFO] runtime.browser_launcher: [BROWSER] Launched TradingView Chrome — PID 1452, port 9222
2026-05-19 09:08:51,756 [INFO] __main__: [RUNTIME] Launching Groww Chrome...
2026-05-19 09:08:51,757 [INFO] runtime.browser_launcher: [BROWSER] Launching Groww Chrome profile...
2026-05-19 09:08:51,793 [ERROR] runtime.browser_launcher: [BROWSER] Groww Chrome profile NOT FOUND: C:\Users\siddh\AppData\Local\Google\Chrome\User Data\Profile 8
  Fix: Open Chrome manually, sign in, close it — then set the correct path in .env as GROWW_PROFILE_DIR or TRADINGVIEW_PROFILE_DIR.
2026-05-19 09:08:51,793 [WARNING] __main__: [RUNTIME] Groww browser launch failed — continuing without Groww.
2026-05-19 09:08:51,794 [INFO] __main__: [RUNTIME] Waiting for TradingView CDP on port 9222...
2026-05-19 09:08:52,701 [INFO] runtime.browser_launcher: [BROWSER] CDP port 9222 ready — 4 tab(s) detected (attempt 1)
2026-05-19 09:08:53,121 [INFO] __main__: [RUNTIME] TradingView browser ready.
2026-05-19 09:08:56,190 [INFO] __main__: [RUNTIME] Starting module: core.ai_trading_assistant
2026-05-19 09:08:56,233 [INFO] __main__: [RUNTIME] Module ai_trading_assistant started — PID 11720
2026-05-19 09:09:01,238 [INFO] __main__: [RUNTIME] Starting module: core.live_trade_tracker
2026-05-19 09:09:01,247 [INFO] __main__: [RUNTIME] Module live_trade_tracker started — PID 17268
2026-05-19 09:09:06,263 [INFO] __main__: [WATCHDOG] Loop started.
2026-05-19 09:09:06,264 [INFO] __main__: [RUNTIME] Watchdog thread started.
2026-05-19 09:09:08,961 [INFO] __main__: [RUNTIME] Startup complete. All modules running.
2026-05-19 09:09:08,961 [INFO] __main__: [RUNTIME] System running. Press Ctrl+C to stop.
2026-05-19 09:09:21,269 [ERROR] __main__: [WATCHDOG] Module ai_trading_assistant is DEAD (exit code: 1)
2026-05-19 09:09:21,271 [WARNING] __main__: [RUNTIME] Module ai_trading_assistant crashed (restart #1) — waiting 30s before restart.
2026-05-19 09:09:51,904 [INFO] __main__: [RUNTIME] Starting module: core.ai_trading_assistant
2026-05-19 09:09:51,915 [INFO] __main__: [RUNTIME] Module ai_trading_assistant started — PID 20620
2026-05-19 09:10:02,577 [INFO] __main__: [RUNTIME] Module ai_trading_assistant restarted — PID 20620
2026-05-19 09:10:17,603 [ERROR] __main__: [WATCHDOG] Module ai_trading_assistant is DEAD (exit code: 1)
2026-05-19 09:10:17,603 [WARNING] __main__: [RUNTIME] Module ai_trading_assistant crashed (restart #2) — waiting 60s before restart.
2026-05-19 09:11:18,219 [INFO] __main__: [RUNTIME] Starting module: core.ai_trading_assistant
2026-05-19 09:11:18,238 [INFO] __main__: [RUNTIME] Module ai_trading_assistant started — PID 11384
2026-05-19 09:11:18,984 [INFO] __main__: [RUNTIME] Module ai_trading_assistant restarted — PID 11384
2026-05-19 09:11:34,034 [ERROR] __main__: [WATCHDOG] Module ai_trading_assistant is DEAD (exit code: 1)
2026-05-19 09:11:34,035 [WARNING] __main__: [RUNTIME] Module ai_trading_assistant crashed (restart #3) — waiting 120s before restart.
2026-05-19 09:13:34,682 [INFO] __main__: [RUNTIME] Starting module: core.ai_trading_assistant
2026-05-19 09:13:34,708 [INFO] __main__: [RUNTIME] Module ai_trading_assistant started — PID 22640
2026-05-19 09:13:35,428 [INFO] __main__: [RUNTIME] Module ai_trading_assistant restarted — PID 22640
2026-05-19 09:13:50,460 [ERROR] __main__: [WATCHDOG] Module ai_trading_assistant is DEAD (exit code: 1)
2026-05-19 09:13:51,093 [CRITICAL] __main__: [RUNTIME] Module ai_trading_assistant HALTED — max restarts exceeded.
2026-05-19 09:14:06,121 [ERROR] __main__: [WATCHDOG] Module ai_trading_assistant is DEAD (exit code: 1)
2026-05-19 09:14:06,779 [CRITICAL] __main__: [RUNTIME] Module ai_trading_assistant HALTED — max restarts exceeded.
2026-05-19 09:14:10,995 [INFO] __main__: [RUNTIME] Status — alive: ['live_trade_tracker'] | dead: ['ai_trading_assistant'] | TV CDP: UP | Groww CDP: DOWN
2026-05-19 09:14:21,809 [ERROR] __main__: [WATCHDOG] Module ai_trading_assistant is DEAD (exit code: 1)
2026-05-19 09:14:22,411 [CRITICAL] __main__: [RUNTIME] Module ai_trading_assistant HALTED — max restarts exceeded.
2026-05-19 09:14:37,432 [ERROR] __main__: [WATCHDOG] Module ai_trading_assistant is DEAD (exit code: 1)
2026-05-19 09:14:38,057 [CRITICAL] __main__: [RUNTIME] Module ai_trading_assistant HALTED — max restarts exceeded.
2026-05-19 09:14:53,087 [ERROR] __main__: [WATCHDOG] Module ai_trading_assistant is DEAD (exit code: 1)
2026-05-19 09:14:53,789 [CRITICAL] __main__: [RUNTIME] Module ai_trading_assistant HALTED — max restarts exceeded.
2026-05-19 09:15:08,823 [ERROR] __main__: [WATCHDOG] Module ai_trading_assistant is DEAD (exit code: 1)
2026-05-19 09:15:09,449 [CRITICAL] __main__: [RUNTIME] Module ai_trading_assistant HALTED — max restarts exceeded.
2026-05-19 09:15:24,506 [ERROR] __main__: [WATCHDOG] Module ai_trading_assistant is DEAD (exit code: 1)
2026-05-19 09:15:25,208 [CRITICAL] __main__: [RUNTIME] Module ai_trading_assistant HALTED — max restarts exceeded.
2026-05-19 09:15:40,375 [ERROR] __main__: [WATCHDOG] Module ai_trading_assistant is DEAD (exit code: 1)
2026-05-19 09:15:51,038 [CRITICAL] __main__: [RUNTIME] Module ai_trading_assistant HALTED — max restarts exceeded.
2026-05-19 09:16:06,066 [ERROR] __main__: [WATCHDOG] Module ai_trading_assistant is DEAD (exit code: 1)
2026-05-19 09:16:07,087 [CRITICAL] __main__: [RUNTIME] Module ai_trading_assistant HALTED — max restarts exceeded.
2026-05-19 09:16:22,123 [ERROR] __main__: [WATCHDOG] Module ai_trading_assistant is DEAD (exit code: 1)
2026-05-19 09:16:22,740 [CRITICAL] __main__: [RUNTIME] Module ai_trading_assistant HALTED — max restarts exceeded.
2026-05-19 09:16:37,772 [ERROR] __main__: [WATCHDOG] Module ai_trading_assistant is DEAD (exit code: 1)
2026-05-19 09:16:38,400 [CRITICAL] __main__: [RUNTIME] Module ai_trading_assistant HALTED — max restarts exceeded.
2026-05-19 09:16:53,434 [ERROR] __main__: [WATCHDOG] Module ai_trading_assistant is DEAD (exit code: 1)
2026-05-19 09:16:54,220 [CRITICAL] __main__: [RUNTIME] Module ai_trading_assistant HALTED — max restarts exceeded.
2026-05-19 09:17:09,294 [ERROR] __main__: [WATCHDOG] Module ai_trading_assistant is DEAD (exit code: 1)
2026-05-19 09:17:09,905 [CRITICAL] __main__: [RUNTIME] Module ai_trading_assistant HALTED — max restarts exceeded.
2026-05-19 09:17:24,934 [ERROR] __main__: [WATCHDOG] Module ai_trading_assistant is DEAD (exit code: 1)
2026-05-19 09:17:35,581 [CRITICAL] __main__: [RUNTIME] Module ai_trading_assistant HALTED — max restarts exceeded.
2026-05-19 09:17:50,608 [ERROR] __main__: [WATCHDOG] Module ai_trading_assistant is DEAD (exit code: 1)
2026-05-19 09:17:51,210 [CRITICAL] __main__: [RUNTIME] Module ai_trading_assistant HALTED — max restarts exceeded.
2026-05-19 09:18:06,253 [ERROR] __main__: [WATCHDOG] Module ai_trading_assistant is DEAD (exit code: 1)
2026-05-19 09:18:06,869 [CRITICAL] __main__: [RUNTIME] Module ai_trading_assistant HALTED — max restarts exceeded.
2026-05-19 09:18:21,924 [ERROR] __main__: [WATCHDOG] Module ai_trading_assistant is DEAD (exit code: 1)
2026-05-19 09:18:32,541 [CRITICAL] __main__: [RUNTIME] Module ai_trading_assistant HALTED — max restarts exceeded.
2026-05-19 09:18:47,564 [ERROR] __main__: [WATCHDOG] Module ai_trading_assistant is DEAD (exit code: 1)
2026-05-19 09:18:48,197 [CRITICAL] __main__: [RUNTIME] Module ai_trading_assistant HALTED — max restarts exceeded.
2026-05-19 09:19:52,576 [INFO] core.paper_trading_guard: ====================================================
2026-05-19 09:19:52,576 [INFO] core.paper_trading_guard: [PAPER GUARD] PAPER TRADE MODE ACTIVE
2026-05-19 09:19:52,578 [INFO] core.paper_trading_guard: [PAPER GUARD] Validation phase ends : 2026-05-31
2026-05-19 09:19:52,578 [INFO] core.paper_trading_guard: [PAPER GUARD] Daily session ID      : PAPER_20260519
2026-05-19 09:19:52,578 [INFO] core.paper_trading_guard: [PAPER GUARD] Real order placement  : BLOCKED
2026-05-19 09:19:52,578 [INFO] core.paper_trading_guard: [PAPER GUARD] DRY_RUN               : FORCED TRUE
2026-05-19 09:19:52,578 [INFO] core.paper_trading_guard: ====================================================
2026-05-19 09:19:52,578 [INFO] __main__: [RUNTIME] [PAPER][PAPER_20260519] Paper mode confirmed.
2026-05-19 09:19:52,578 [INFO] __main__: [RUNTIME] Launching TradingView Chrome...
2026-05-19 09:19:52,578 [INFO] runtime.browser_launcher: [BROWSER] Launching TradingView Chrome profile...
2026-05-19 09:19:52,617 [INFO] runtime.browser_launcher: [BROWSER] Launched TradingView Chrome — PID 16576, port 9222
2026-05-19 09:19:52,617 [INFO] __main__: [RUNTIME] Launching Groww Chrome...
2026-05-19 09:19:52,619 [INFO] runtime.browser_launcher: [BROWSER] Launching Groww Chrome profile...
2026-05-19 09:19:52,674 [ERROR] runtime.browser_launcher: [BROWSER] Groww Chrome profile NOT FOUND: C:\Users\siddh\AppData\Local\Google\Chrome\User Data\Profile 8
  Fix: Open Chrome manually, sign in, close it — then set the correct path in .env as GROWW_PROFILE_DIR or TRADINGVIEW_PROFILE_DIR.
2026-05-19 09:19:52,674 [WARNING] __main__: [RUNTIME] Groww browser launch failed — continuing without Groww.
2026-05-19 09:19:52,674 [INFO] __main__: [RUNTIME] Waiting for TradingView CDP on port 9222...
2026-05-19 09:19:53,718 [INFO] runtime.browser_launcher: [BROWSER] CDP port 9222 ready — 4 tab(s) detected (attempt 1)
2026-05-19 09:19:54,022 [INFO] __main__: [RUNTIME] TradingView browser ready.
2026-05-19 09:19:57,038 [INFO] __main__: [RUNTIME] Starting module: core.ai_trading_assistant
2026-05-19 09:19:57,324 [INFO] __main__: [RUNTIME] Module ai_trading_assistant started — PID 11472
2026-05-19 09:20:02,386 [INFO] __main__: [RUNTIME] Starting module: core.live_trade_tracker
2026-05-19 09:20:02,509 [INFO] __main__: [RUNTIME] Module live_trade_tracker started — PID 16680
2026-05-19 09:20:07,540 [INFO] __main__: [WATCHDOG] Loop started.
2026-05-19 09:20:07,541 [INFO] __main__: [RUNTIME] Watchdog thread started.
2026-05-19 09:20:10,589 [INFO] __main__: [RUNTIME] Startup complete. All modules running.
2026-05-19 09:20:10,590 [INFO] __main__: [RUNTIME] System running. Press Ctrl+C to stop.
2026-05-19 09:20:52,767 [ERROR] __main__: [WATCHDOG] Module ai_trading_assistant is DEAD (exit code: 1)
2026-05-19 09:20:52,773 [WARNING] __main__: [RUNTIME] Module ai_trading_assistant crashed (restart #1) — waiting 30s before restart.
2026-05-19 09:21:33,934 [INFO] __main__: [RUNTIME] Starting module: core.ai_trading_assistant
2026-05-19 09:21:33,985 [INFO] __main__: [RUNTIME] Module ai_trading_assistant started — PID 20980
2026-05-19 09:21:34,942 [INFO] __main__: [RUNTIME] Module ai_trading_assistant restarted — PID 20980
2026-05-19 09:23:50,441 [ERROR] __main__: [WATCHDOG] Module ai_trading_assistant is DEAD (exit code: 3221225786)
2026-05-19 09:23:50,449 [WARNING] __main__: [RUNTIME] Module ai_trading_assistant crashed (restart #2) — waiting 60s before restart.
2026-05-19 09:24:13,591 [INFO] core.paper_trading_guard: ====================================================
2026-05-19 09:24:13,592 [INFO] core.paper_trading_guard: [PAPER GUARD] PAPER TRADE MODE ACTIVE
2026-05-19 09:24:13,594 [INFO] core.paper_trading_guard: [PAPER GUARD] Validation phase ends : 2026-05-31
2026-05-19 09:24:13,594 [INFO] core.paper_trading_guard: [PAPER GUARD] Daily session ID      : PAPER_20260519
2026-05-19 09:24:13,594 [INFO] core.paper_trading_guard: [PAPER GUARD] Real order placement  : BLOCKED
2026-05-19 09:24:13,594 [INFO] core.paper_trading_guard: [PAPER GUARD] DRY_RUN               : FORCED TRUE
2026-05-19 09:24:13,595 [INFO] core.paper_trading_guard: ====================================================
2026-05-19 09:24:13,595 [INFO] __main__: [RUNTIME] [PAPER][PAPER_20260519] Paper mode confirmed.
2026-05-19 09:24:13,595 [INFO] __main__: [RUNTIME] Launching TradingView Chrome...
2026-05-19 09:24:13,595 [INFO] runtime.browser_launcher: [BROWSER] Launching TradingView Chrome profile...
2026-05-19 09:24:13,625 [INFO] runtime.browser_launcher: [BROWSER] Launched TradingView Chrome — PID 25360, port 9222
2026-05-19 09:24:13,625 [INFO] __main__: [RUNTIME] Launching Groww Chrome...
2026-05-19 09:24:13,625 [INFO] runtime.browser_launcher: [BROWSER] Launching Groww Chrome profile...
2026-05-19 09:24:13,657 [ERROR] runtime.browser_launcher: [BROWSER] Groww Chrome profile NOT FOUND: C:\Users\siddh\AppData\Local\Google\Chrome\User Data\Profile 8
  Fix: Open Chrome manually, sign in, close it — then set the correct path in .env as GROWW_PROFILE_DIR or TRADINGVIEW_PROFILE_DIR.
2026-05-19 09:24:13,657 [WARNING] __main__: [RUNTIME] Groww browser launch failed — continuing without Groww.
2026-05-19 09:24:13,657 [INFO] __main__: [RUNTIME] Waiting for TradingView CDP on port 9222...
2026-05-19 09:24:14,435 [INFO] runtime.browser_launcher: [BROWSER] CDP port 9222 ready — 4 tab(s) detected (attempt 1)
2026-05-19 09:24:14,657 [INFO] __main__: [RUNTIME] TradingView browser ready.
2026-05-19 09:24:17,838 [INFO] __main__: [RUNTIME] Starting module: core.ai_trading_assistant
2026-05-19 09:24:17,994 [INFO] __main__: [RUNTIME] Module ai_trading_assistant started — PID 19100
2026-05-19 09:24:23,065 [INFO] __main__: [RUNTIME] Starting module: core.live_trade_tracker
2026-05-19 09:24:23,074 [INFO] __main__: [RUNTIME] Module live_trade_tracker started — PID 5204
2026-05-19 09:24:28,089 [INFO] __main__: [WATCHDOG] Loop started.
2026-05-19 09:24:28,090 [INFO] __main__: [RUNTIME] Watchdog thread started.
2026-05-19 09:24:30,757 [INFO] __main__: [RUNTIME] Startup complete. All modules running.
2026-05-19 09:24:30,757 [INFO] __main__: [RUNTIME] System running. Press Ctrl+C to stop.
2026-05-19 09:29:32,822 [INFO] __main__: [RUNTIME] Status — alive: ['ai_trading_assistant', 'live_trade_tracker'] | dead: [] | TV CDP: UP | Groww CDP: DOWN
2026-05-19 09:34:34,881 [INFO] __main__: [RUNTIME] Status — alive: ['ai_trading_assistant', 'live_trade_tracker'] | dead: [] | TV CDP: UP | Groww CDP: DOWN
2026-05-19 09:39:36,953 [INFO] __main__: [RUNTIME] Status — alive: ['ai_trading_assistant', 'live_trade_tracker'] | dead: [] | TV CDP: UP | Groww CDP: DOWN
2026-05-19 09:44:39,051 [INFO] __main__: [RUNTIME] Status — alive: ['ai_trading_assistant', 'live_trade_tracker'] | dead: [] | TV CDP: UP | Groww CDP: DOWN
2026-05-19 09:49:41,155 [INFO] __main__: [RUNTIME] Status — alive: ['ai_trading_assistant', 'live_trade_tracker'] | dead: [] | TV CDP: UP | Groww CDP: DOWN
2026-05-19 09:54:43,253 [INFO] __main__: [RUNTIME] Status — alive: ['ai_trading_assistant', 'live_trade_tracker'] | dead: [] | TV CDP: UP | Groww CDP: DOWN
2026-05-19 09:59:45,311 [INFO] __main__: [RUNTIME] Status — alive: ['ai_trading_assistant', 'live_trade_tracker'] | dead: [] | TV CDP: UP | Groww CDP: DOWN
2026-05-19 10:04:47,383 [INFO] __main__: [RUNTIME] Status — alive: ['ai_trading_assistant', 'live_trade_tracker'] | dead: [] | TV CDP: UP | Groww CDP: DOWN
2026-05-19 10:09:49,425 [INFO] __main__: [RUNTIME] Status — alive: ['ai_trading_assistant', 'live_trade_tracker'] | dead: [] | TV CDP: UP | Groww CDP: DOWN
2026-05-19 10:14:51,572 [INFO] __main__: [RUNTIME] Status — alive: ['ai_trading_assistant', 'live_trade_tracker'] | dead: [] | TV CDP: UP | Groww CDP: DOWN
2026-05-19 10:19:53,659 [INFO] __main__: [RUNTIME] Status — alive: ['ai_trading_assistant', 'live_trade_tracker'] | dead: [] | TV CDP: UP | Groww CDP: DOWN
2026-05-19 10:24:55,754 [INFO] __main__: [RUNTIME] Status — alive: ['ai_trading_assistant', 'live_trade_tracker'] | dead: [] | TV CDP: UP | Groww CDP: DOWN
2026-05-19 10:29:58,079 [INFO] __main__: [RUNTIME] Status — alive: ['ai_trading_assistant', 'live_trade_tracker'] | dead: [] | TV CDP: UP | Groww CDP: DOWN
2026-05-19 10:35:00,135 [INFO] __main__: [RUNTIME] Status — alive: ['ai_trading_assistant', 'live_trade_tracker'] | dead: [] | TV CDP: UP | Groww CDP: DOWN
2026-05-19 10:40:02,216 [INFO] __main__: [RUNTIME] Status — alive: ['ai_trading_assistant', 'live_trade_tracker'] | dead: [] | TV CDP: UP | Groww CDP: DOWN
2026-05-19 10:45:04,312 [INFO] __main__: [RUNTIME] Status — alive: ['ai_trading_assistant', 'live_trade_tracker'] | dead: [] | TV CDP: UP | Groww CDP: DOWN
2026-05-19 10:48:33,824 [INFO] core.paper_trading_guard: ====================================================
2026-05-19 10:48:33,826 [INFO] core.paper_trading_guard: [PAPER GUARD] PAPER TRADE MODE ACTIVE
2026-05-19 10:48:33,826 [INFO] core.paper_trading_guard: [PAPER GUARD] Validation phase ends : 2026-05-31
2026-05-19 10:48:33,826 [INFO] core.paper_trading_guard: [PAPER GUARD] Daily session ID      : PAPER_20260519
2026-05-19 10:48:33,827 [INFO] core.paper_trading_guard: [PAPER GUARD] Real order placement  : BLOCKED
2026-05-19 10:48:33,827 [INFO] core.paper_trading_guard: [PAPER GUARD] DRY_RUN               : FORCED TRUE
2026-05-19 10:48:33,827 [INFO] core.paper_trading_guard: ====================================================
2026-05-19 10:48:33,827 [INFO] __main__: [RUNTIME] [PAPER][PAPER_20260519] Paper mode confirmed.
2026-05-19 10:48:33,828 [INFO] __main__: [RUNTIME] Launching TradingView Chrome...
2026-05-19 10:48:33,828 [INFO] runtime.browser_launcher: [BROWSER] Launching TradingView Chrome profile...
2026-05-19 10:48:33,871 [INFO] runtime.browser_launcher: [BROWSER] Launched TradingView Chrome — PID 14964, port 9222
2026-05-19 10:48:33,872 [INFO] __main__: [RUNTIME] Launching Groww Chrome...
2026-05-19 10:48:33,873 [INFO] runtime.browser_launcher: [BROWSER] Launching Groww Chrome profile...
2026-05-19 10:48:33,941 [ERROR] runtime.browser_launcher: [BROWSER] Groww Chrome profile NOT FOUND: C:\Users\siddh\AppData\Local\Google\Chrome\User Data\Profile 8
  Fix: Open Chrome manually, sign in, close it — then set the correct path in .env as GROWW_PROFILE_DIR or TRADINGVIEW_PROFILE_DIR.
2026-05-19 10:48:33,944 [WARNING] __main__: [RUNTIME] Groww browser launch failed — continuing without Groww.
2026-05-19 10:48:33,944 [INFO] __main__: [RUNTIME] Waiting for TradingView CDP on port 9222...
2026-05-19 10:48:35,055 [INFO] runtime.browser_launcher: [BROWSER] CDP port 9222 ready — 4 tab(s) detected (attempt 1)
2026-05-19 10:48:35,132 [INFO] __main__: [RUNTIME] TradingView browser ready.
2026-05-19 10:48:38,181 [INFO] __main__: [RUNTIME] Starting module: core.ai_trading_assistant
2026-05-19 10:48:38,213 [INFO] __main__: [RUNTIME] Module ai_trading_assistant started — PID 22172
2026-05-19 10:48:43,217 [INFO] __main__: [RUNTIME] Starting module: core.live_trade_tracker
2026-05-19 10:48:43,237 [INFO] __main__: [RUNTIME] Module live_trade_tracker started — PID 4332
2026-05-19 10:48:48,254 [INFO] __main__: [WATCHDOG] Loop started.
2026-05-19 10:48:48,254 [INFO] __main__: [RUNTIME] Watchdog thread started.
2026-05-19 10:48:52,667 [INFO] __main__: [RUNTIME] Startup complete. All modules running.
2026-05-19 10:48:52,671 [INFO] __main__: [RUNTIME] System running. Press Ctrl+C to stop.
2026-05-19 10:53:54,743 [INFO] __main__: [RUNTIME] Status — alive: ['ai_trading_assistant', 'live_trade_tracker'] | dead: [] | TV CDP: UP | Groww CDP: DOWN
2026-05-19 10:58:56,815 [INFO] __main__: [RUNTIME] Status — alive: ['ai_trading_assistant', 'live_trade_tracker'] | dead: [] | TV CDP: UP | Groww CDP: DOWN
2026-05-19 11:03:58,881 [INFO] __main__: [RUNTIME] Status — alive: ['ai_trading_assistant', 'live_trade_tracker'] | dead: [] | TV CDP: UP | Groww CDP: DOWN
2026-05-19 11:09:00,971 [INFO] __main__: [RUNTIME] Status — alive: ['ai_trading_assistant', 'live_trade_tracker'] | dead: [] | TV CDP: UP | Groww CDP: DOWN
2026-05-19 11:14:03,067 [INFO] __main__: [RUNTIME] Status — alive: ['ai_trading_assistant', 'live_trade_tracker'] | dead: [] | TV CDP: UP | Groww CDP: DOWN
2026-05-19 11:19:05,165 [INFO] __main__: [RUNTIME] Status — alive: ['ai_trading_assistant', 'live_trade_tracker'] | dead: [] | TV CDP: UP | Groww CDP: DOWN
2026-05-19 11:24:07,256 [INFO] __main__: [RUNTIME] Status — alive: ['ai_trading_assistant', 'live_trade_tracker'] | dead: [] | TV CDP: UP | Groww CDP: DOWN
2026-05-19 11:29:09,320 [INFO] __main__: [RUNTIME] Status — alive: ['ai_trading_assistant', 'live_trade_tracker'] | dead: [] | TV CDP: UP | Groww CDP: DOWN
2026-05-19 11:34:11,401 [INFO] __main__: [RUNTIME] Status — alive: ['ai_trading_assistant', 'live_trade_tracker'] | dead: [] | TV CDP: UP | Groww CDP: DOWN
2026-05-19 11:39:13,478 [INFO] __main__: [RUNTIME] Status — alive: ['ai_trading_assistant', 'live_trade_tracker'] | dead: [] | TV CDP: UP | Groww CDP: DOWN
2026-05-19 11:44:15,597 [INFO] __main__: [RUNTIME] Status — alive: ['ai_trading_assistant', 'live_trade_tracker'] | dead: [] | TV CDP: UP | Groww CDP: DOWN
2026-05-19 11:49:17,858 [INFO] __main__: [RUNTIME] Status — alive: ['ai_trading_assistant', 'live_trade_tracker'] | dead: [] | TV CDP: UP | Groww CDP: DOWN
2026-05-19 11:54:19,969 [INFO] __main__: [RUNTIME] Status — alive: ['ai_trading_assistant', 'live_trade_tracker'] | dead: [] | TV CDP: UP | Groww CDP: DOWN
2026-05-19 11:59:22,049 [INFO] __main__: [RUNTIME] Status — alive: ['ai_trading_assistant', 'live_trade_tracker'] | dead: [] | TV CDP: UP | Groww CDP: DOWN
2026-05-20 08:45:13,354 [INFO] core.paper_trading_guard: ====================================================
2026-05-20 08:45:13,357 [INFO] core.paper_trading_guard: [PAPER GUARD] PAPER TRADE MODE ACTIVE
2026-05-20 08:45:13,357 [INFO] core.paper_trading_guard: [PAPER GUARD] Validation phase ends : 2026-05-31
2026-05-20 08:45:13,358 [INFO] core.paper_trading_guard: [PAPER GUARD] Daily session ID      : PAPER_20260520
2026-05-20 08:45:13,358 [INFO] core.paper_trading_guard: [PAPER GUARD] Real order placement  : BLOCKED
2026-05-20 08:45:13,358 [INFO] core.paper_trading_guard: [PAPER GUARD] DRY_RUN               : FORCED TRUE
2026-05-20 08:45:13,358 [INFO] core.paper_trading_guard: ====================================================
2026-05-20 08:45:13,359 [INFO] __main__: [RUNTIME] [PAPER][PAPER_20260520] Paper mode confirmed.
2026-05-20 08:45:13,359 [INFO] __main__: [RUNTIME] Launching TradingView Chrome...
2026-05-20 08:45:13,359 [INFO] runtime.browser_launcher: [BROWSER] Launching TradingView Chrome profile...
2026-05-20 08:45:13,459 [INFO] runtime.browser_launcher: [BROWSER] Launched TradingView Chrome — PID 5180, port 9222
2026-05-20 08:45:13,460 [INFO] __main__: [RUNTIME] Launching Groww Chrome...
2026-05-20 08:45:13,462 [INFO] runtime.browser_launcher: [BROWSER] Launching Groww Chrome profile...
2026-05-20 08:45:13,503 [ERROR] runtime.browser_launcher: [BROWSER] Groww Chrome profile NOT FOUND: C:\Users\siddh\AppData\Local\Google\Chrome\User Data\Profile 8
  Fix: Open Chrome manually, sign in, close it — then set the correct path in .env as GROWW_PROFILE_DIR or TRADINGVIEW_PROFILE_DIR.
2026-05-20 08:45:13,504 [WARNING] __main__: [RUNTIME] Groww browser launch failed — continuing without Groww.
2026-05-20 08:45:13,504 [INFO] __main__: [RUNTIME] Waiting for TradingView CDP on port 9222...
2026-05-20 08:45:19,699 [INFO] runtime.browser_launcher: [BROWSER] CDP port 9222 ready — 5 tab(s) detected (attempt 2)
2026-05-20 08:45:19,779 [INFO] __main__: [RUNTIME] TradingView browser ready.
2026-05-20 08:45:23,448 [INFO] __main__: [RUNTIME] Starting module: core.ai_trading_assistant
2026-05-20 08:45:24,295 [INFO] __main__: [RUNTIME] Module ai_trading_assistant started — PID 18760
2026-05-20 08:45:29,505 [INFO] __main__: [RUNTIME] Starting module: core.live_trade_tracker
2026-05-20 08:45:29,820 [INFO] __main__: [RUNTIME] Module live_trade_tracker started — PID 18592
2026-05-20 08:45:34,911 [INFO] __main__: [WATCHDOG] Loop started.
2026-05-20 08:45:34,911 [INFO] __main__: [RUNTIME] Watchdog thread started.
2026-05-20 08:45:39,062 [INFO] __main__: [RUNTIME] Startup complete. All modules running.
2026-05-20 08:45:39,062 [INFO] __main__: [RUNTIME] System running. Press Ctrl+C to stop.
2026-05-20 08:50:41,271 [INFO] __main__: [RUNTIME] Status — alive: ['ai_trading_assistant', 'live_trade_tracker'] | dead: [] | TV CDP: UP | Groww CDP: DOWN
2026-05-20 08:55:56,825 [INFO] __main__: [RUNTIME] Status — alive: ['ai_trading_assistant', 'live_trade_tracker'] | dead: [] | TV CDP: UP | Groww CDP: DOWN
2026-05-20 09:00:59,076 [INFO] __main__: [RUNTIME] Status — alive: ['ai_trading_assistant', 'live_trade_tracker'] | dead: [] | TV CDP: UP | Groww CDP: DOWN
2026-05-20 09:06:29,100 [INFO] __main__: [RUNTIME] Status — alive: ['ai_trading_assistant', 'live_trade_tracker'] | dead: [] | TV CDP: UP | Groww CDP: DOWN
2026-05-20 09:07:22,937 [WARNING] __main__: [WATCHDOG] TradingView browser unresponsive — relaunching.
2026-05-20 09:08:46,387 [INFO] runtime.browser_launcher: [BROWSER] Launching TradingView Chrome profile...
2026-05-20 09:08:52,481 [WARNING] runtime.browser_launcher: [BROWSER] Port 9222 already occupied by PID 20680 — killing automatically before Chrome launch.
2026-05-20 09:09:00,573 [INFO] runtime.browser_launcher: [BROWSER] Killed PID 20680 on port 9222 — port now free.
2026-05-20 09:09:02,105 [INFO] runtime.browser_launcher: [BROWSER] Launched TradingView Chrome — PID 13760, port 9222
2026-05-20 09:09:19,358 [INFO] runtime.browser_launcher: [BROWSER] CDP port 9222 ready — 5 tab(s) detected (attempt 3)
2026-05-20 09:09:19,750 [INFO] runtime.browser_launcher: [BROWSER] TradingView browser reconnected successfully.
2026-05-20 09:11:13,976 [WARNING] __main__: [WATCHDOG] TradingView browser unresponsive — relaunching.
2026-05-20 09:11:29,428 [INFO] runtime.browser_launcher: [BROWSER] Launching TradingView Chrome profile...
2026-05-20 09:11:29,889 [WARNING] runtime.browser_launcher: [BROWSER] Port 9222 already occupied by PID 25304 — killing automatically before Chrome launch.
2026-05-20 09:11:30,336 [INFO] runtime.browser_launcher: [BROWSER] Killed PID 25304 on port 9222 — port now free.
2026-05-20 09:11:31,350 [INFO] runtime.browser_launcher: [BROWSER] Launched TradingView Chrome — PID 2148, port 9222
2026-05-20 09:11:34,145 [INFO] runtime.browser_launcher: [BROWSER] CDP port 9222 ready — 4 tab(s) detected (attempt 1)
2026-05-20 09:11:34,202 [INFO] runtime.browser_launcher: [BROWSER] TradingView browser reconnected successfully.
2026-05-20 09:11:59,727 [INFO] __main__: [RUNTIME] Status — alive: ['ai_trading_assistant', 'live_trade_tracker'] | dead: [] | TV CDP: UP | Groww CDP: DOWN
2026-05-20 09:15:14,019 [ERROR] __main__: [WATCHDOG] Module ai_trading_assistant is DEAD (exit code: 1)
2026-05-20 09:15:14,075 [WARNING] __main__: [RUNTIME] Module ai_trading_assistant crashed (restart #1) — waiting 30s before restart.
2026-05-20 09:15:45,490 [INFO] __main__: [RUNTIME] Starting module: core.ai_trading_assistant
2026-05-20 09:15:45,602 [INFO] __main__: [RUNTIME] Module ai_trading_assistant started — PID 1184
2026-05-20 09:15:48,768 [INFO] __main__: [RUNTIME] Module ai_trading_assistant restarted — PID 1184
2026-05-20 09:17:25,550 [INFO] __main__: [RUNTIME] Status — alive: ['ai_trading_assistant', 'live_trade_tracker'] | dead: [] | TV CDP: UP | Groww CDP: DOWN
2026-05-20 09:22:41,276 [INFO] __main__: [RUNTIME] Status — alive: ['ai_trading_assistant', 'live_trade_tracker'] | dead: [] | TV CDP: UP | Groww CDP: DOWN
2026-05-20 09:32:51,640 [INFO] __main__: [RUNTIME] Status — alive: ['ai_trading_assistant', 'live_trade_tracker'] | dead: [] | TV CDP: UP | Groww CDP: DOWN
2026-05-20 09:37:53,804 [INFO] __main__: [RUNTIME] Status — alive: ['ai_trading_assistant', 'live_trade_tracker'] | dead: [] | TV CDP: UP | Groww CDP: DOWN
2026-05-20 09:42:03,392 [INFO] core.paper_trading_guard: ====================================================
2026-05-20 09:42:03,393 [INFO] core.paper_trading_guard: [PAPER GUARD] PAPER TRADE MODE ACTIVE
2026-05-20 09:42:03,394 [INFO] core.paper_trading_guard: [PAPER GUARD] Validation phase ends : 2026-05-31
2026-05-20 09:42:03,394 [INFO] core.paper_trading_guard: [PAPER GUARD] Daily session ID      : PAPER_20260520
2026-05-20 09:42:03,394 [INFO] core.paper_trading_guard: [PAPER GUARD] Real order placement  : BLOCKED
2026-05-20 09:42:03,395 [INFO] core.paper_trading_guard: [PAPER GUARD] DRY_RUN               : FORCED TRUE
2026-05-20 09:42:03,395 [INFO] core.paper_trading_guard: ====================================================
2026-05-20 09:42:03,395 [INFO] __main__: [RUNTIME] [PAPER][PAPER_20260520] Paper mode confirmed.
2026-05-20 09:42:03,395 [INFO] __main__: [RUNTIME] Launching TradingView Chrome...
2026-05-20 09:42:03,395 [INFO] runtime.browser_launcher: [BROWSER] Launching TradingView Chrome profile...
2026-05-20 09:42:03,428 [INFO] runtime.browser_launcher: [BROWSER] Launched TradingView Chrome — PID 5284, port 9222
2026-05-20 09:42:03,429 [INFO] __main__: [RUNTIME] Launching Groww Chrome...
2026-05-20 09:42:03,429 [INFO] runtime.browser_launcher: [BROWSER] Launching Groww Chrome profile...
2026-05-20 09:42:03,454 [ERROR] runtime.browser_launcher: [BROWSER] Groww Chrome profile NOT FOUND: C:\Users\siddh\AppData\Local\Google\Chrome\User Data\Profile 8
  Fix: Open Chrome manually, sign in, close it — then set the correct path in .env as GROWW_PROFILE_DIR or TRADINGVIEW_PROFILE_DIR.
2026-05-20 09:42:03,455 [WARNING] __main__: [RUNTIME] Groww browser launch failed — continuing without Groww.
2026-05-20 09:42:03,455 [INFO] __main__: [RUNTIME] Waiting for TradingView CDP on port 9222...
2026-05-20 09:42:04,486 [INFO] runtime.browser_launcher: [BROWSER] CDP port 9222 ready — 4 tab(s) detected (attempt 1)
2026-05-20 09:42:04,580 [INFO] __main__: [RUNTIME] TradingView browser ready.
2026-05-20 09:42:07,855 [INFO] __main__: [RUNTIME] Starting module: core.ai_trading_assistant
2026-05-20 09:42:08,187 [INFO] __main__: [RUNTIME] Module ai_trading_assistant started — PID 19500
2026-05-20 09:42:13,240 [INFO] __main__: [RUNTIME] Starting module: core.live_trade_tracker
2026-05-20 09:42:13,251 [INFO] __main__: [RUNTIME] Module live_trade_tracker started — PID 3068
2026-05-20 09:42:18,299 [INFO] __main__: [WATCHDOG] Loop started.
2026-05-20 09:42:18,300 [INFO] __main__: [RUNTIME] Watchdog thread started.
2026-05-20 09:42:21,168 [INFO] __main__: [RUNTIME] Startup complete. All modules running.
2026-05-20 09:42:21,168 [INFO] __main__: [RUNTIME] System running. Press Ctrl+C to stop.
2026-05-20 09:47:23,232 [INFO] __main__: [RUNTIME] Status — alive: ['ai_trading_assistant', 'live_trade_tracker'] | dead: [] | TV CDP: UP | Groww CDP: DOWN
2026-05-20 09:52:25,274 [INFO] __main__: [RUNTIME] Status — alive: ['ai_trading_assistant', 'live_trade_tracker'] | dead: [] | TV CDP: UP | Groww CDP: DOWN
2026-05-20 09:57:27,312 [INFO] __main__: [RUNTIME] Status — alive: ['ai_trading_assistant', 'live_trade_tracker'] | dead: [] | TV CDP: UP | Groww CDP: DOWN
2026-05-20 10:02:29,387 [INFO] __main__: [RUNTIME] Status — alive: ['ai_trading_assistant', 'live_trade_tracker'] | dead: [] | TV CDP: UP | Groww CDP: DOWN
2026-05-20 10:07:31,463 [INFO] __main__: [RUNTIME] Status — alive: ['ai_trading_assistant', 'live_trade_tracker'] | dead: [] | TV CDP: UP | Groww CDP: DOWN
2026-05-20 10:12:33,525 [INFO] __main__: [RUNTIME] Status — alive: ['ai_trading_assistant', 'live_trade_tracker'] | dead: [] | TV CDP: UP | Groww CDP: DOWN
2026-05-20 10:17:35,596 [INFO] __main__: [RUNTIME] Status — alive: ['ai_trading_assistant', 'live_trade_tracker'] | dead: [] | TV CDP: UP | Groww CDP: DOWN
2026-05-20 10:22:45,275 [INFO] core.paper_trading_guard: ====================================================
2026-05-20 10:22:45,275 [INFO] core.paper_trading_guard: [PAPER GUARD] PAPER TRADE MODE ACTIVE
2026-05-20 10:22:45,277 [INFO] core.paper_trading_guard: [PAPER GUARD] Validation phase ends : 2026-05-31
2026-05-20 10:22:45,277 [INFO] core.paper_trading_guard: [PAPER GUARD] Daily session ID      : PAPER_20260520
2026-05-20 10:22:45,277 [INFO] core.paper_trading_guard: [PAPER GUARD] Real order placement  : BLOCKED
2026-05-20 10:22:45,279 [INFO] core.paper_trading_guard: [PAPER GUARD] DRY_RUN               : FORCED TRUE
2026-05-20 10:22:45,279 [INFO] core.paper_trading_guard: ====================================================
2026-05-20 10:22:45,279 [INFO] __main__: [RUNTIME] [PAPER][PAPER_20260520] Paper mode confirmed.
2026-05-20 10:22:45,279 [INFO] __main__: [RUNTIME] Launching TradingView Chrome...
2026-05-20 10:22:45,279 [INFO] runtime.browser_launcher: [BROWSER] Launching TradingView Chrome profile...
2026-05-20 10:22:45,332 [INFO] runtime.browser_launcher: [BROWSER] Launched TradingView Chrome — PID 6636, port 9222
2026-05-20 10:22:45,334 [INFO] __main__: [RUNTIME] Launching Groww Chrome...
2026-05-20 10:22:45,334 [INFO] runtime.browser_launcher: [BROWSER] Launching Groww Chrome profile...
2026-05-20 10:22:45,362 [ERROR] runtime.browser_launcher: [BROWSER] Groww Chrome profile NOT FOUND: C:\Users\siddh\AppData\Local\Google\Chrome\User Data\Profile 8
  Fix: Open Chrome manually, sign in, close it — then set the correct path in .env as GROWW_PROFILE_DIR or TRADINGVIEW_PROFILE_DIR.
2026-05-20 10:22:45,362 [WARNING] __main__: [RUNTIME] Groww browser launch failed — continuing without Groww.
2026-05-20 10:22:45,366 [INFO] __main__: [RUNTIME] Waiting for TradingView CDP on port 9222...
2026-05-20 10:22:50,252 [INFO] runtime.browser_launcher: [BROWSER] CDP port 9222 ready — 4 tab(s) detected (attempt 2)
2026-05-20 10:22:50,258 [INFO] __main__: [RUNTIME] TradingView browser ready.
2026-05-20 10:22:53,263 [INFO] __main__: [RUNTIME] Starting module: core.ai_trading_assistant
2026-05-20 10:22:53,286 [INFO] __main__: [RUNTIME] Module ai_trading_assistant started — PID 15692
2026-05-20 10:22:58,315 [INFO] __main__: [RUNTIME] Starting module: core.live_trade_tracker
2026-05-20 10:22:58,323 [INFO] __main__: [RUNTIME] Module live_trade_tracker started — PID 14876
2026-05-20 10:23:03,344 [INFO] __main__: [WATCHDOG] Loop started.
2026-05-20 10:23:03,344 [INFO] __main__: [RUNTIME] Watchdog thread started.
2026-05-20 10:23:07,768 [INFO] __main__: [RUNTIME] Startup complete. All modules running.
2026-05-20 10:23:07,770 [INFO] __main__: [RUNTIME] System running. Press Ctrl+C to stop.
2026-05-20 10:28:09,886 [INFO] __main__: [RUNTIME] Status — alive: ['ai_trading_assistant', 'live_trade_tracker'] | dead: [] | TV CDP: UP | Groww CDP: DOWN
2026-05-20 10:33:12,084 [INFO] __main__: [RUNTIME] Status — alive: ['ai_trading_assistant', 'live_trade_tracker'] | dead: [] | TV CDP: UP | Groww CDP: DOWN
2026-05-20 10:38:14,275 [INFO] __main__: [RUNTIME] Status — alive: ['ai_trading_assistant', 'live_trade_tracker'] | dead: [] | TV CDP: UP | Groww CDP: DOWN
2026-05-20 10:43:16,357 [INFO] __main__: [RUNTIME] Status — alive: ['ai_trading_assistant', 'live_trade_tracker'] | dead: [] | TV CDP: UP | Groww CDP: DOWN
2026-05-20 10:48:18,416 [INFO] __main__: [RUNTIME] Status — alive: ['ai_trading_assistant', 'live_trade_tracker'] | dead: [] | TV CDP: UP | Groww CDP: DOWN
2026-05-20 10:53:20,474 [INFO] __main__: [RUNTIME] Status — alive: ['ai_trading_assistant', 'live_trade_tracker'] | dead: [] | TV CDP: UP | Groww CDP: DOWN
2026-05-20 10:58:23,170 [INFO] __main__: [RUNTIME] Status — alive: ['ai_trading_assistant', 'live_trade_tracker'] | dead: [] | TV CDP: UP | Groww CDP: DOWN
2026-05-20 11:03:25,392 [INFO] __main__: [RUNTIME] Status — alive: ['ai_trading_assistant', 'live_trade_tracker'] | dead: [] | TV CDP: UP | Groww CDP: DOWN
